<?xml version="1.0" encoding="utf-8"?><testsuites name="pytest tests"><testsuite name="pytest" errors="0" failures="0" skipped="0" tests="20" time="4.322" timestamp="2026-07-17T18:53:44.031404+00:00" hostname="agent-env-8aded319-7cab-4760-aa00-14d24b716d7e"><testcase classname="tests.backend_test" name="test_health" time="0.215" /><testcase classname="tests.backend_test" name="test_stats" time="0.117" /><testcase classname="tests.backend_test" name="test_stories_list" time="0.155" /><testcase classname="tests.backend_test" name="test_stories_sort_divided" time="0.148" /><testcase classname="tests.backend_test" name="test_stories_filter_negative" time="0.131" /><testcase classname="tests.backend_test" name="test_story_detail" time="0.256" /><testcase classname="tests.backend_test" name="test_story_compare" time="0.118" /><testcase classname="tests.backend_test" name="test_story_sentiment" time="0.102" /><testcase classname="tests.backend_test" name="test_story_entities" time="0.107" /><testcase classname="tests.backend_test" name="test_search" time="0.110" /><testcase classname="tests.backend_test" name="test_sources_list" time="0.123" /><testcase classname="tests.backend_test" name="test_source_detail" time="0.102" /><testcase classname="tests.backend_test" name="test_trending" time="0.132" /><testcase classname="tests.backend_test" name="test_ingest_trigger_and_status" time="1.221" /><testcase classname="tests.backend_test" name="test_ingest_status_404" time="0.110" /><testcase classname="tests.backend_test" name="test_ingest_history" time="0.096" /><testcase classname="tests.backend_test" name="test_subscribe_flow" time="0.231" /><testcase classname="tests.backend_test" name="test_digest_preview" time="0.103" /><testcase classname="tests.backend_test" name="test_subscribers_count" time="0.131" /><testcase classname="tests.backend_test" name="test_unsubscribe_bad_token" time="0.101" /></testsuite></testsuites>